also installing the dependencies 'rprojroot', 'Rcpp', 'here', 'jsonlite', 'png', 'rappdirs', 'withr'

trying URL 'http://cran.us.r-project.org/src/contrib/rprojroot_2.0.2.tar.gz'
Content type 'application/x-gzip' length 59967 bytes (58 KB)
==================================================
downloaded 58 KB

trying URL 'http://cran.us.r-project.org/src/contrib/Rcpp_1.0.7.tar.gz'
Content type 'application/x-gzip' length 2941808 bytes (2.8 MB)
==================================================
downloaded 2.8 MB

trying URL 'http://cran.us.r-project.org/src/contrib/here_1.0.1.tar.gz'
Content type 'application/x-gzip' length 32954 bytes (32 KB)
==================================================
downloaded 32 KB

trying URL 'http://cran.us.r-project.org/src/contrib/jsonlite_1.7.2.tar.gz'
Content type 'application/x-gzip' length 421716 bytes (411 KB)
==================================================
downloaded 411 KB

trying URL 'http://cran.us.r-project.org/src/contrib/png_0.1-7.tar.gz'
Content type 'application/x-gzip' length 24990 bytes (24 KB)
==================================================
downloaded 24 KB

trying URL 'http://cran.us.r-project.org/src/contrib/rappdirs_0.3.3.tar.gz'
Content type 'application/x-gzip' length 12288 bytes (12 KB)
==================================================
downloaded 12 KB

trying URL 'http://cran.us.r-project.org/src/contrib/withr_2.4.3.tar.gz'
Content type 'application/x-gzip' length 96600 bytes (94 KB)
==================================================
downloaded 94 KB

trying URL 'http://cran.us.r-project.org/src/contrib/reticulate_1.22.tar.gz'
Content type 'application/x-gzip' length 837192 bytes (817 KB)
==================================================
downloaded 817 KB

* installing *source* package 'rprojroot' ...
** package 'rprojroot' successfully unpacked and MD5 sums checked
** using staged installation
** R
** inst
** byte-compile and prepare package for lazy loading
** help
*** installing help indices
*** copying figures
** building package indices
** installing vignettes
** testing if installed package can be loaded from temporary location
** testing if installed package can be loaded from final location
** testing if installed package keeps a record of temporary installation path
* DONE (rprojroot)
* installing *source* package 'Rcpp' ...
** package 'Rcpp' successfully unpacked and MD5 sums checked
** using staged installation
** libs
g++ -std=gnu++14 -I"/usr/local/lib/R/include" -DNDEBUG -I../inst/include/  -I/usr/local/include   -fpic  -g -O2  -c api.cpp -o api.o
g++ -std=gnu++14 -I"/usr/local/lib/R/include" -DNDEBUG -I../inst/include/  -I/usr/local/include   -fpic  -g -O2  -c attributes.cpp -o attributes.o
g++ -std=gnu++14 -I"/usr/local/lib/R/include" -DNDEBUG -I../inst/include/  -I/usr/local/include   -fpic  -g -O2  -c barrier.cpp -o barrier.o
g++ -std=gnu++14 -I"/usr/local/lib/R/include" -DNDEBUG -I../inst/include/  -I/usr/local/include   -fpic  -g -O2  -c date.cpp -o date.o
g++ -std=gnu++14 -I"/usr/local/lib/R/include" -DNDEBUG -I../inst/include/  -I/usr/local/include   -fpic  -g -O2  -c module.cpp -o module.o
g++ -std=gnu++14 -I"/usr/local/lib/R/include" -DNDEBUG -I../inst/include/  -I/usr/local/include   -fpic  -g -O2  -c rcpp_init.cpp -o rcpp_init.o
g++ -std=gnu++14 -shared -L/usr/local/lib/R/lib -L/usr/local/lib -o Rcpp.so api.o attributes.o barrier.o date.o module.o rcpp_init.o -L/usr/local/lib/R/lib -lR
installing to /usr/local/lib/R/library/00LOCK-Rcpp/00new/Rcpp/libs
** R
** inst
** byte-compile and prepare package for lazy loading
** help
*** installing help indices
** building package indices
** installing vignettes
** testing if installed package can be loaded from temporary location
** checking absolute paths in shared objects and dynamic libraries
** testing if installed package can be loaded from final location
** testing if installed package keeps a record of temporary installation path
* DONE (Rcpp)
* installing *source* package 'jsonlite' ...
** package 'jsonlite' successfully unpacked and MD5 sums checked
** using staged installation
** libs
gcc -I"/usr/local/lib/R/include" -DNDEBUG -Iyajl/api  -I/usr/local/include  -fvisibility=hidden  -fpic  -g -O2  -c base64.c -o base64.o
gcc -I"/usr/local/lib/R/include" -DNDEBUG -Iyajl/api  -I/usr/local/include  -fvisibility=hidden  -fpic  -g -O2  -c collapse_array.c -o collapse_array.o
gcc -I"/usr/local/lib/R/include" -DNDEBUG -Iyajl/api  -I/usr/local/include  -fvisibility=hidden  -fpic  -g -O2  -c collapse_object.c -o collapse_object.o
gcc -I"/usr/local/lib/R/include" -DNDEBUG -Iyajl/api  -I/usr/local/include  -fvisibility=hidden  -fpic  -g -O2  -c collapse_pretty.c -o collapse_pretty.o
gcc -I"/usr/local/lib/R/include" -DNDEBUG -Iyajl/api  -I/usr/local/include  -fvisibility=hidden  -fpic  -g -O2  -c escape_chars.c -o escape_chars.o
gcc -I"/usr/local/lib/R/include" -DNDEBUG -Iyajl/api  -I/usr/local/include  -fvisibility=hidden  -fpic  -g -O2  -c integer64_to_na.c -o integer64_to_na.o
gcc -I"/usr/local/lib/R/include" -DNDEBUG -Iyajl/api  -I/usr/local/include  -fvisibility=hidden  -fpic  -g -O2  -c is_datelist.c -o is_datelist.o
gcc -I"/usr/local/lib/R/include" -DNDEBUG -Iyajl/api  -I/usr/local/include  -fvisibility=hidden  -fpic  -g -O2  -c is_recordlist.c -o is_recordlist.o
gcc -I"/usr/local/lib/R/include" -DNDEBUG -Iyajl/api  -I/usr/local/include  -fvisibility=hidden  -fpic  -g -O2  -c is_scalarlist.c -o is_scalarlist.o
gcc -I"/usr/local/lib/R/include" -DNDEBUG -Iyajl/api  -I/usr/local/include  -fvisibility=hidden  -fpic  -g -O2  -c modp_numtoa.c -o modp_numtoa.o
gcc -I"/usr/local/lib/R/include" -DNDEBUG -Iyajl/api  -I/usr/local/include  -fvisibility=hidden  -fpic  -g -O2  -c null_to_na.c -o null_to_na.o
gcc -I"/usr/local/lib/R/include" -DNDEBUG -Iyajl/api  -I/usr/local/include  -fvisibility=hidden  -fpic  -g -O2  -c num_to_char.c -o num_to_char.o
gcc -I"/usr/local/lib/R/include" -DNDEBUG -Iyajl/api  -I/usr/local/include  -fvisibility=hidden  -fpic  -g -O2  -c parse.c -o parse.o
gcc -I"/usr/local/lib/R/include" -DNDEBUG -Iyajl/api  -I/usr/local/include  -fvisibility=hidden  -fpic  -g -O2  -c prettify.c -o prettify.o
gcc -I"/usr/local/lib/R/include" -DNDEBUG -Iyajl/api  -I/usr/local/include  -fvisibility=hidden  -fpic  -g -O2  -c push_parser.c -o push_parser.o
gcc -I"/usr/local/lib/R/include" -DNDEBUG -Iyajl/api  -I/usr/local/include  -fvisibility=hidden  -fpic  -g -O2  -c r-base64.c -o r-base64.o
gcc -I"/usr/local/lib/R/include" -DNDEBUG -Iyajl/api  -I/usr/local/include  -fvisibility=hidden  -fpic  -g -O2  -c register.c -o register.o
gcc -I"/usr/local/lib/R/include" -DNDEBUG -Iyajl/api  -I/usr/local/include  -fvisibility=hidden  -fpic  -g -O2  -c row_collapse.c -o row_collapse.o
gcc -I"/usr/local/lib/R/include" -DNDEBUG -Iyajl/api  -I/usr/local/include  -fvisibility=hidden  -fpic  -g -O2  -c transpose_list.c -o transpose_list.o
gcc -I"/usr/local/lib/R/include" -DNDEBUG -Iyajl/api  -I/usr/local/include  -fvisibility=hidden  -fpic  -g -O2  -c validate.c -o validate.o
gcc -I"/usr/local/lib/R/include" -DNDEBUG -Iyajl/api  -I/usr/local/include  -fvisibility=hidden  -fpic  -g -O2  -c yajl/yajl.c -o yajl/yajl.o
gcc -I"/usr/local/lib/R/include" -DNDEBUG -Iyajl/api  -I/usr/local/include  -fvisibility=hidden  -fpic  -g -O2  -c yajl/yajl_alloc.c -o yajl/yajl_alloc.o
gcc -I"/usr/local/lib/R/include" -DNDEBUG -Iyajl/api  -I/usr/local/include  -fvisibility=hidden  -fpic  -g -O2  -c yajl/yajl_buf.c -o yajl/yajl_buf.o
gcc -I"/usr/local/lib/R/include" -DNDEBUG -Iyajl/api  -I/usr/local/include  -fvisibility=hidden  -fpic  -g -O2  -c yajl/yajl_encode.c -o yajl/yajl_encode.o
gcc -I"/usr/local/lib/R/include" -DNDEBUG -Iyajl/api  -I/usr/local/include  -fvisibility=hidden  -fpic  -g -O2  -c yajl/yajl_gen.c -o yajl/yajl_gen.o
gcc -I"/usr/local/lib/R/include" -DNDEBUG -Iyajl/api  -I/usr/local/include  -fvisibility=hidden  -fpic  -g -O2  -c yajl/yajl_lex.c -o yajl/yajl_lex.o
gcc -I"/usr/local/lib/R/include" -DNDEBUG -Iyajl/api  -I/usr/local/include  -fvisibility=hidden  -fpic  -g -O2  -c yajl/yajl_parser.c -o yajl/yajl_parser.o
gcc -I"/usr/local/lib/R/include" -DNDEBUG -Iyajl/api  -I/usr/local/include  -fvisibility=hidden  -fpic  -g -O2  -c yajl/yajl_tree.c -o yajl/yajl_tree.o
ar rcs yajl/libstatyajl.a yajl/yajl.o yajl/yajl_alloc.o yajl/yajl_buf.o yajl/yajl_encode.o yajl/yajl_gen.o yajl/yajl_lex.o yajl/yajl_parser.o yajl/yajl_tree.o
gcc -shared -L/usr/local/lib/R/lib -L/usr/local/lib -o jsonlite.so base64.o collapse_array.o collapse_object.o collapse_pretty.o escape_chars.o integer64_to_na.o is_datelist.o is_recordlist.o is_scalarlist.o modp_numtoa.o null_to_na.o num_to_char.o parse.o prettify.o push_parser.o r-base64.o register.o row_collapse.o transpose_list.o validate.o -Lyajl -lstatyajl -L/usr/local/lib/R/lib -lR
installing to /usr/local/lib/R/library/00LOCK-jsonlite/00new/jsonlite/libs
** R
** inst
** byte-compile and prepare package for lazy loading
in method for 'asJSON' with signature '"blob"': no definition for class "blob"
** help
*** installing help indices
** building package indices
** installing vignettes
** testing if installed package can be loaded from temporary location
** checking absolute paths in shared objects and dynamic libraries
** testing if installed package can be loaded from final location
** testing if installed package keeps a record of temporary installation path
* DONE (jsonlite)
* installing *source* package 'png' ...
** package 'png' successfully unpacked and MD5 sums checked
** using staged installation
** libs
gcc -I"/usr/local/lib/R/include" -DNDEBUG   -I/usr/local/include   `libpng-config --cflags` -fpic  -g -O2  -c read.c -o read.o
gcc -I"/usr/local/lib/R/include" -DNDEBUG   -I/usr/local/include   `libpng-config --cflags` -fpic  -g -O2  -c write.c -o write.o
gcc -shared -L/usr/local/lib/R/lib -L/usr/local/lib -o png.so read.o write.o -lpng16 -lm -lz -lm -L/usr/local/lib/R/lib -lR
installing to /usr/local/lib/R/library/00LOCK-png/00new/png/libs
** R
** inst
** byte-compile and prepare package for lazy loading
** help
*** installing help indices
** building package indices
** testing if installed package can be loaded from temporary location
** checking absolute paths in shared objects and dynamic libraries
** testing if installed package can be loaded from final location
** testing if installed package keeps a record of temporary installation path
* DONE (png)
* installing *source* package 'rappdirs' ...
** package 'rappdirs' successfully unpacked and MD5 sums checked
** using staged installation
** libs
gcc -I"/usr/local/lib/R/include" -DNDEBUG   -I/usr/local/include   -fpic  -g -O2  -c init.c -o init.o
gcc -I"/usr/local/lib/R/include" -DNDEBUG   -I/usr/local/include   -fpic  -g -O2  -c win-path.c -o win-path.o
gcc -shared -L/usr/local/lib/R/lib -L/usr/local/lib -o rappdirs.so init.o win-path.o -L/usr/local/lib/R/lib -lR
installing to /usr/local/lib/R/library/00LOCK-rappdirs/00new/rappdirs/libs
** R
** byte-compile and prepare package for lazy loading
** help
*** installing help indices
** building package indices
** testing if installed package can be loaded from temporary location
** checking absolute paths in shared objects and dynamic libraries
** testing if installed package can be loaded from final location
** testing if installed package keeps a record of temporary installation path
* DONE (rappdirs)
* installing *source* package 'withr' ...
** package 'withr' successfully unpacked and MD5 sums checked
** using staged installation
** R
** inst
** byte-compile and prepare package for lazy loading
** help
*** installing help indices
*** copying figures
** building package indices
** installing vignettes
** testing if installed package can be loaded from temporary location
** testing if installed package can be loaded from final location
** testing if installed package keeps a record of temporary installation path
* DONE (withr)
* installing *source* package 'here' ...
** package 'here' successfully unpacked and MD5 sums checked
** using staged installation
** R
** inst
** byte-compile and prepare package for lazy loading
** help
*** installing help indices
*** copying figures
** building package indices
** installing vignettes
** testing if installed package can be loaded from temporary location
** testing if installed package can be loaded from final location
** testing if installed package keeps a record of temporary installation path
* DONE (here)
* installing *source* package 'reticulate' ...
** package 'reticulate' successfully unpacked and MD5 sums checked
** using staged installation
** libs
g++ -std=gnu++14 -I"/usr/local/lib/R/include" -DNDEBUG  -I'/usr/local/lib/R/library/Rcpp/include' -I/usr/local/include   -fpic  -g -O2  -c RcppExports.cpp -o RcppExports.o
g++ -std=gnu++14 -I"/usr/local/lib/R/include" -DNDEBUG  -I'/usr/local/lib/R/library/Rcpp/include' -I/usr/local/include   -fpic  -g -O2  -c event_loop.cpp -o event_loop.o
g++ -std=gnu++14 -I"/usr/local/lib/R/include" -DNDEBUG  -I'/usr/local/lib/R/library/Rcpp/include' -I/usr/local/include   -fpic  -g -O2  -c libpython.cpp -o libpython.o
g++ -std=gnu++14 -I"/usr/local/lib/R/include" -DNDEBUG  -I'/usr/local/lib/R/library/Rcpp/include' -I/usr/local/include   -fpic  -g -O2  -c output.cpp -o output.o
g++ -std=gnu++14 -I"/usr/local/lib/R/include" -DNDEBUG  -I'/usr/local/lib/R/library/Rcpp/include' -I/usr/local/include   -fpic  -g -O2  -c python.cpp -o python.o
g++ -std=gnu++14 -I"/usr/local/lib/R/include" -DNDEBUG  -I'/usr/local/lib/R/library/Rcpp/include' -I/usr/local/include   -fpic  -g -O2  -c readline.cpp -o readline.o
g++ -std=gnu++14 -I"/usr/local/lib/R/include" -DNDEBUG  -I'/usr/local/lib/R/library/Rcpp/include' -I/usr/local/include   -fpic  -g -O2  -c signals.cpp -o signals.o
g++ -std=gnu++14 -shared -L/usr/local/lib/R/lib -L/usr/local/lib -o reticulate.so RcppExports.o event_loop.o libpython.o output.o python.o readline.o signals.o -L/usr/local/lib/R/lib -lR
installing to /usr/local/lib/R/library/00LOCK-reticulate/00new/reticulate/libs
** R
** inst
** byte-compile and prepare package for lazy loading
** help
*** installing help indices
** building package indices
** installing vignettes
** testing if installed package can be loaded from temporary location
** checking absolute paths in shared objects and dynamic libraries
** testing if installed package can be loaded from final location
** testing if installed package keeps a record of temporary installation path
* DONE (reticulate)

The downloaded source packages are in
	'/tmp/Rtmp8kSrkJ/downloaded_packages'
Updating HTML index of packages in '.Library'
Making 'packages.html' ... done
